0 info it worked if it ends with ok
1 verbose cli [ 'node',
1 verbose cli   '/usr/local/bin/npm',
1 verbose cli   'install',
1 verbose cli   '-g',
1 verbose cli   'Phonegap-SQLitePlugin' ]
2 info using npm@1.3.17
3 info using node@v0.10.23
4 verbose cache add [ 'Phonegap-SQLitePlugin', null ]
5 verbose cache add name=undefined spec="Phonegap-SQLitePlugin" args=["Phonegap-SQLitePlugin",null]
6 verbose parsed url { protocol: null,
6 verbose parsed url   slashes: null,
6 verbose parsed url   auth: null,
6 verbose parsed url   host: null,
6 verbose parsed url   port: null,
6 verbose parsed url   hostname: null,
6 verbose parsed url   hash: null,
6 verbose parsed url   search: null,
6 verbose parsed url   query: null,
6 verbose parsed url   pathname: 'Phonegap-SQLitePlugin',
6 verbose parsed url   path: 'Phonegap-SQLitePlugin',
6 verbose parsed url   href: 'Phonegap-SQLitePlugin' }
7 silly lockFile ffcfb9d7-Phonegap-SQLitePlugin Phonegap-SQLitePlugin
8 verbose lock Phonegap-SQLitePlugin /Users/shimozonomasahiro/.npm/ffcfb9d7-Phonegap-SQLitePlugin.lock
9 silly lockFile ffcfb9d7-Phonegap-SQLitePlugin Phonegap-SQLitePlugin
10 silly lockFile ffcfb9d7-Phonegap-SQLitePlugin Phonegap-SQLitePlugin
11 verbose addNamed [ 'Phonegap-SQLitePlugin', '' ]
12 verbose addNamed [ null, '*' ]
13 silly lockFile 328cef4a-Phonegap-SQLitePlugin Phonegap-SQLitePlugin@
14 verbose lock Phonegap-SQLitePlugin@ /Users/shimozonomasahiro/.npm/328cef4a-Phonegap-SQLitePlugin.lock
15 silly addNameRange { name: 'Phonegap-SQLitePlugin', range: '*', hasData: false }
16 verbose url raw Phonegap-SQLitePlugin
17 verbose url resolving [ 'https://registry.npmjs.org/', './Phonegap-SQLitePlugin' ]
18 verbose url resolved https://registry.npmjs.org/Phonegap-SQLitePlugin
19 info trying registry request attempt 1 at 16:36:06
20 http GET https://registry.npmjs.org/Phonegap-SQLitePlugin
21 http 404 https://registry.npmjs.org/Phonegap-SQLitePlugin
22 silly registry.get cb [ 404,
22 silly registry.get   { server: 'CouchDB/1.5.0 (Erlang OTP/R15B03)',
22 silly registry.get     date: 'Tue, 17 Dec 2013 07:36:08 GMT',
22 silly registry.get     'content-type': 'application/json',
22 silly registry.get     'content-length': '52',
22 silly registry.get     'cache-control': 'must-revalidate' } ]
23 silly lockFile 328cef4a-Phonegap-SQLitePlugin Phonegap-SQLitePlugin@
24 silly lockFile 328cef4a-Phonegap-SQLitePlugin Phonegap-SQLitePlugin@
25 error 404 'Phonegap-SQLitePlugin' is not in the npm registry.
25 error 404 You should bug the author to publish it
25 error 404
25 error 404 Note that you can also install from a
25 error 404 tarball, folder, or http url, or git url.
26 error System Darwin 13.0.0
27 error command "node" "/usr/local/bin/npm" "install" "-g" "Phonegap-SQLitePlugin"
28 error cwd /Library/WebServer/Documents/p_test/plugins/cordova
29 error node -v v0.10.23
30 error npm -v 1.3.17
31 error code E404
32 verbose exit [ 1, true ]
